Analysis & Synthesis report for hdmi_init
Sat Jun  1 16:10:19 2019
Quartus Prime Version 18.1.0 Build 625 09/12/2018 SJ Lite Edition


---------------------
; Table of Contents ;
---------------------
  1. Legal Notice
  2. Analysis & Synthesis Summary
  3. Analysis & Synthesis Settings
  4. Parallel Compilation
  5. Analysis & Synthesis Source Files Read
  6. Analysis & Synthesis Resource Usage Summary
  7. Analysis & Synthesis Resource Utilization by Entity
  8. State Machine - |hdmi_init|state
  9. User-Specified and Inferred Latches
 10. Registers Removed During Synthesis
 11. General Register Statistics
 12. Multiplexer Restructuring Statistics (Restructuring Performed)
 13. Parameter Settings for User Entity Instance: i2c_clk_divider:clk_divider
 14. Port Connectivity Checks: "sr_latch:sr_latch_n"
 15. Port Connectivity Checks: "i2c_controller:i2c|i2c_master:master"
 16. Port Connectivity Checks: "i2c_controller:i2c"
 17. Post-Synthesis Netlist Statistics for Top Partition
 18. Elapsed Time Per Partition
 19. Analysis & Synthesis Messages
 20. Analysis & Synthesis Suppressed Messages



----------------
; Legal Notice ;
----------------
Copyright (C) 2018  Intel Corporation. All rights reserved.
Your use of Intel Corporation's design tools, logic functions 
and other software and tools, and its AMPP partner logic 
functions, and any output files from any of the foregoing 
(including device programming or simulation files), and any 
associated documentation or information are expressly subject 
to the terms and conditions of the Intel Program License 
Subscription Agreement, the Intel Quartus Prime License Agreement,
the Intel FPGA IP License Agreement, or other applicable license
agreement, including, without limitation, that your use is for
the sole purpose of programming logic devices manufactured by
Intel and sold by Intel or its authorized distributors.  Please
refer to the applicable agreement for further details.



+-------------------------------------------------------------------------------+
; Analysis & Synthesis Summary                                                  ;
+---------------------------------+---------------------------------------------+
; Analysis & Synthesis Status     ; Successful - Sat Jun  1 16:10:19 2019       ;
; Quartus Prime Version           ; 18.1.0 Build 625 09/12/2018 SJ Lite Edition ;
; Revision Name                   ; hdmi_init                                   ;
; Top-level Entity Name           ; hdmi_init                                   ;
; Family                          ; Cyclone V                                   ;
; Logic utilization (in ALMs)     ; N/A                                         ;
; Total registers                 ; 57                                          ;
; Total pins                      ; 25                                          ;
; Total virtual pins              ; 0                                           ;
; Total block memory bits         ; 0                                           ;
; Total DSP Blocks                ; 0                                           ;
; Total HSSI RX PCSs              ; 0                                           ;
; Total HSSI PMA RX Deserializers ; 0                                           ;
; Total HSSI TX PCSs              ; 0                                           ;
; Total HSSI PMA TX Serializers   ; 0                                           ;
; Total PLLs                      ; 0                                           ;
; Total DLLs                      ; 0                                           ;
+---------------------------------+---------------------------------------------+


+---------------------------------------------------------------------------------------------------------------------------+
; Analysis & Synthesis Settings                                                                                             ;
+---------------------------------------------------------------------------------+--------------------+--------------------+
; Option                                                                          ; Setting            ; Default Value      ;
+---------------------------------------------------------------------------------+--------------------+--------------------+
; Device                                                                          ; 5CSEBA6U23I7DK     ;                    ;
; Top-level entity name                                                           ; hdmi_init          ; hdmi_init          ;
; Family name                                                                     ; Cyclone V          ; Cyclone V          ;
; Use smart compilation                                                           ; Off                ; Off                ;
; Enable parallel Assembler and Timing Analyzer during compilation                ; On                 ; On                 ;
; Enable compact report table                                                     ; Off                ; Off                ;
; Restructure Multiplexers                                                        ; Auto               ; Auto               ;
; MLAB Add Timing Constraints For Mixed-Port Feed-Through Mode Setting Don't Care ; Off                ; Off                ;
; Create Debugging Nodes for IP Cores                                             ; Off                ; Off                ;
; Preserve fewer node names                                                       ; On                 ; On                 ;
; Intel FPGA IP Evaluation Mode                                                   ; Enable             ; Enable             ;
; Verilog Version                                                                 ; Verilog_2001       ; Verilog_2001       ;
; VHDL Version                                                                    ; VHDL_1993          ; VHDL_1993          ;
; State Machine Processing                                                        ; Auto               ; Auto               ;
; Safe State Machine                                                              ; Off                ; Off                ;
; Extract Verilog State Machines                                                  ; On                 ; On                 ;
; Extract VHDL State Machines                                                     ; On                 ; On                 ;
; Ignore Verilog initial constructs                                               ; Off                ; Off                ;
; Iteration limit for constant Verilog loops                                      ; 5000               ; 5000               ;
; Iteration limit for non-constant Verilog loops                                  ; 250                ; 250                ;
; Add Pass-Through Logic to Inferred RAMs                                         ; On                 ; On                 ;
; Infer RAMs from Raw Logic                                                       ; On                 ; On                 ;
; Parallel Synthesis                                                              ; On                 ; On                 ;
; DSP Block Balancing                                                             ; Auto               ; Auto               ;
; NOT Gate Push-Back                                                              ; On                 ; On                 ;
; Power-Up Don't Care                                                             ; On                 ; On                 ;
; Remove Redundant Logic Cells                                                    ; Off                ; Off                ;
; Remove Duplicate Registers                                                      ; On                 ; On                 ;
; Ignore CARRY Buffers                                                            ; Off                ; Off                ;
; Ignore CASCADE Buffers                                                          ; Off                ; Off                ;
; Ignore GLOBAL Buffers                                                           ; Off                ; Off                ;
; Ignore ROW GLOBAL Buffers                                                       ; Off                ; Off                ;
; Ignore LCELL Buffers                                                            ; Off                ; Off                ;
; Ignore SOFT Buffers                                                             ; On                 ; On                 ;
; Limit AHDL Integers to 32 Bits                                                  ; Off                ; Off                ;
; Optimization Technique                                                          ; Balanced           ; Balanced           ;
; Carry Chain Length                                                              ; 70                 ; 70                 ;
; Auto Carry Chains                                                               ; On                 ; On                 ;
; Auto Open-Drain Pins                                                            ; On                 ; On                 ;
; Perform WYSIWYG Primitive Resynthesis                                           ; Off                ; Off                ;
; Auto ROM Replacement                                                            ; On                 ; On                 ;
; Auto RAM Replacement                                                            ; On                 ; On                 ;
; Auto DSP Block Replacement                                                      ; On                 ; On                 ;
; Auto Shift Register Replacement                                                 ; Auto               ; Auto               ;
; Allow Shift Register Merging across Hierarchies                                 ; Auto               ; Auto               ;
; Auto Clock Enable Replacement                                                   ; On                 ; On                 ;
; Strict RAM Replacement                                                          ; Off                ; Off                ;
; Allow Synchronous Control Signals                                               ; On                 ; On                 ;
; Force Use of Synchronous Clear Signals                                          ; Off                ; Off                ;
; Auto Resource Sharing                                                           ; Off                ; Off                ;
; Allow Any RAM Size For Recognition                                              ; Off                ; Off                ;
; Allow Any ROM Size For Recognition                                              ; Off                ; Off                ;
; Allow Any Shift Register Size For Recognition                                   ; Off                ; Off                ;
; Use LogicLock Constraints during Resource Balancing                             ; On                 ; On                 ;
; Ignore translate_off and synthesis_off directives                               ; Off                ; Off                ;
; Timing-Driven Synthesis                                                         ; On                 ; On                 ;
; Report Parameter Settings                                                       ; On                 ; On                 ;
; Report Source Assignments                                                       ; On                 ; On                 ;
; Report Connectivity Checks                                                      ; On                 ; On                 ;
; Ignore Maximum Fan-Out Assignments                                              ; Off                ; Off                ;
; Synchronization Register Chain Length                                           ; 3                  ; 3                  ;
; Power Optimization During Synthesis                                             ; Normal compilation ; Normal compilation ;
; HDL message level                                                               ; Level2             ; Level2             ;
; Suppress Register Optimization Related Messages                                 ; Off                ; Off                ;
; Number of Removed Registers Reported in Synthesis Report                        ; 5000               ; 5000               ;
; Number of Swept Nodes Reported in Synthesis Report                              ; 5000               ; 5000               ;
; Number of Inverted Registers Reported in Synthesis Report                       ; 100                ; 100                ;
; Clock MUX Protection                                                            ; On                 ; On                 ;
; Auto Gated Clock Conversion                                                     ; Off                ; Off                ;
; Block Design Naming                                                             ; Auto               ; Auto               ;
; SDC constraint protection                                                       ; Off                ; Off                ;
; Synthesis Effort                                                                ; Auto               ; Auto               ;
; Shift Register Replacement - Allow Asynchronous Clear Signal                    ; On                 ; On                 ;
; Pre-Mapping Resynthesis Optimization                                            ; Off                ; Off                ;
; Analysis & Synthesis Message Level                                              ; Medium             ; Medium             ;
; Disable Register Merging Across Hierarchies                                     ; Auto               ; Auto               ;
; Resource Aware Inference For Block RAM                                          ; On                 ; On                 ;
; Automatic Parallel Synthesis                                                    ; On                 ; On                 ;
; Partial Reconfiguration Bitstream ID                                            ; Off                ; Off                ;
+---------------------------------------------------------------------------------+--------------------+--------------------+


+------------------------------------------+
; Parallel Compilation                     ;
+----------------------------+-------------+
; Processors                 ; Number      ;
+----------------------------+-------------+
; Number detected on machine ; 8           ;
; Maximum allowed            ; 4           ;
;                            ;             ;
; Average used               ; 1.00        ;
; Maximum used               ; 4           ;
;                            ;             ;
; Usage by Processor         ; % Time Used ;
;     Processor 1            ; 100.0%      ;
;     Processor 2            ;   0.0%      ;
;     Processors 3-4         ;   0.0%      ;
+----------------------------+-------------+


+------------------------------------------------------------------------------------------------------------------------------------------------------------------------------------------------------------------------------+
; Analysis & Synthesis Source Files Read                                                                                                                                                                                       ;
+----------------------------------+-----------------+------------------------+--------------------------------------------------------------------------------------------------------------------------------------+---------+
; File Name with User-Entered Path ; Used in Netlist ; File Type              ; File Name with Absolute Path                                                                                                         ; Library ;
+----------------------------------+-----------------+------------------------+--------------------------------------------------------------------------------------------------------------------------------------+---------+
; ../sr_latch_n/sr_latch.v         ; yes             ; User Verilog HDL File  ; /home/peter/Documents/RMIT/2019.1/Advanced Digital Design/Final_Project/add_final_project/project_files/sr_latch_n/sr_latch.v        ;         ;
; ../i2c_master/i2c_master.v       ; yes             ; User Verilog HDL File  ; /home/peter/Documents/RMIT/2019.1/Advanced Digital Design/Final_Project/add_final_project/project_files/i2c_master/i2c_master.v      ;         ;
; ../i2c_master/i2c_controller.v   ; yes             ; User Verilog HDL File  ; /home/peter/Documents/RMIT/2019.1/Advanced Digital Design/Final_Project/add_final_project/project_files/i2c_master/i2c_controller.v  ;         ;
; ../i2c_master/i2c_clk_divider.v  ; yes             ; User Verilog HDL File  ; /home/peter/Documents/RMIT/2019.1/Advanced Digital Design/Final_Project/add_final_project/project_files/i2c_master/i2c_clk_divider.v ;         ;
; hdmi_init.v                      ; yes             ; User Verilog HDL File  ; /home/peter/Documents/RMIT/2019.1/Advanced Digital Design/Final_Project/add_final_project/project_files/hdmi_init/hdmi_init.v        ;         ;
+----------------------------------+-----------------+------------------------+--------------------------------------------------------------------------------------------------------------------------------------+---------+


+-----------------------------------------------------------------------------------+
; Analysis & Synthesis Resource Usage Summary                                       ;
+---------------------------------------------+-------------------------------------+
; Resource                                    ; Usage                               ;
+---------------------------------------------+-------------------------------------+
; Estimate of Logic utilization (ALMs needed) ; 79                                  ;
;                                             ;                                     ;
; Combinational ALUT usage for logic          ; 130                                 ;
;     -- 7 input functions                    ; 1                                   ;
;     -- 6 input functions                    ; 25                                  ;
;     -- 5 input functions                    ; 43                                  ;
;     -- 4 input functions                    ; 8                                   ;
;     -- <=3 input functions                  ; 53                                  ;
;                                             ;                                     ;
; Dedicated logic registers                   ; 57                                  ;
;                                             ;                                     ;
; I/O pins                                    ; 25                                  ;
;                                             ;                                     ;
; Total DSP Blocks                            ; 0                                   ;
;                                             ;                                     ;
; Maximum fan-out node                        ; i2c_clk_divider:clk_divider|i2c_clk ;
; Maximum fan-out                             ; 45                                  ;
; Total fan-out                               ; 736                                 ;
; Average fan-out                             ; 3.09                                ;
+---------------------------------------------+-------------------------------------+


+------------------------------------------------------------------------------------------------------------------------------------------------------------------------------------------------------------------------------+
; Analysis & Synthesis Resource Utilization by Entity                                                                                                                                                                          ;
+----------------------------------+---------------------+---------------------------+-------------------+------------+------+--------------+-------------------------------------------------+-----------------+--------------+
; Compilation Hierarchy Node       ; Combinational ALUTs ; Dedicated Logic Registers ; Block Memory Bits ; DSP Blocks ; Pins ; Virtual Pins ; Full Hierarchy Name                             ; Entity Name     ; Library Name ;
+----------------------------------+---------------------+---------------------------+-------------------+------------+------+--------------+-------------------------------------------------+-----------------+--------------+
; |hdmi_init                       ; 130 (42)            ; 57 (16)                   ; 0                 ; 0          ; 25   ; 0            ; |hdmi_init                                      ; hdmi_init       ; work         ;
;    |i2c_clk_divider:clk_divider| ; 17 (17)             ; 14 (14)                   ; 0                 ; 0          ; 0    ; 0            ; |hdmi_init|i2c_clk_divider:clk_divider          ; i2c_clk_divider ; work         ;
;    |i2c_controller:i2c|          ; 68 (0)              ; 27 (0)                    ; 0                 ; 0          ; 0    ; 0            ; |hdmi_init|i2c_controller:i2c                   ; i2c_controller  ; work         ;
;       |i2c_master:master|        ; 68 (68)             ; 27 (27)                   ; 0                 ; 0          ; 0    ; 0            ; |hdmi_init|i2c_controller:i2c|i2c_master:master ; i2c_master      ; work         ;
;    |sr_latch:sr_latch_n|         ; 3 (3)               ; 0 (0)                     ; 0                 ; 0          ; 0    ; 0            ; |hdmi_init|sr_latch:sr_latch_n                  ; sr_latch        ; work         ;
+----------------------------------+---------------------+---------------------------+-------------------+------------+------+--------------+-------------------------------------------------+-----------------+--------------+
Note: For table entries with two numbers listed, the numbers in parentheses indicate the number of resources of the given type used by the specific entity alone. The numbers listed outside of parentheses indicate the total resources of the given type used by the specific entity and all of its sub-entities in the hierarchy.


Encoding Type:  One-Hot
+---------------------------------------------------------------------------------------------------------------------+
; State Machine - |hdmi_init|state                                                                                    ;
+-------------------+------------------+-------------------+-------------------+------------------+-------------------+
; Name              ; state.STATE_STOP ; state.STATE_CHECK ; state.STATE_WRITE ; state.STATE_IDLE ; state.STATE_BEGIN ;
+-------------------+------------------+-------------------+-------------------+------------------+-------------------+
; state.STATE_BEGIN ; 0                ; 0                 ; 0                 ; 0                ; 0                 ;
; state.STATE_IDLE  ; 0                ; 0                 ; 0                 ; 1                ; 1                 ;
; state.STATE_WRITE ; 0                ; 0                 ; 1                 ; 0                ; 1                 ;
; state.STATE_CHECK ; 0                ; 1                 ; 0                 ; 0                ; 1                 ;
; state.STATE_STOP  ; 1                ; 0                 ; 0                 ; 0                ; 1                 ;
+-------------------+------------------+-------------------+-------------------+------------------+-------------------+


+---------------------------------------------------------------------------------------------------+
; User-Specified and Inferred Latches                                                               ;
+----------------------------------------------------+---------------------+------------------------+
; Latch Name                                         ; Latch Enable Signal ; Free of Timing Hazards ;
+----------------------------------------------------+---------------------+------------------------+
; sr_latch:sr_latch_n|output_Q                       ; GND                 ; yes                    ;
; Number of user-specified and inferred latches = 1  ;                     ;                        ;
+----------------------------------------------------+---------------------+------------------------+
Note: All latches listed above may not be present at the end of synthesis due to various synthesis optimizations.


+------------------------------------------------------------------------------------------------------------------------------+
; Registers Removed During Synthesis                                                                                           ;
+----------------------------------------------------------+-------------------------------------------------------------------+
; Register name                                            ; Reason for Removal                                                ;
+----------------------------------------------------------+-------------------------------------------------------------------+
; i2c_controller:i2c|i2c_master:master|state[5..7]         ; Merged with i2c_controller:i2c|i2c_master:master|state[4]         ;
; i2c_controller:i2c|i2c_master:master|command_index[3..7] ; Merged with i2c_controller:i2c|i2c_master:master|command_index[2] ;
; i2c_controller:i2c|i2c_master:master|command_index[2]    ; Stuck at GND due to stuck port data_in                            ;
; i2c_controller:i2c|i2c_master:master|state[4]            ; Stuck at GND due to stuck port clock_enable                       ;
; state~4                                                  ; Lost fanout                                                       ;
; state~5                                                  ; Lost fanout                                                       ;
; state~6                                                  ; Lost fanout                                                       ;
; state~7                                                  ; Lost fanout                                                       ;
; Total Number of Removed Registers = 14                   ;                                                                   ;
+----------------------------------------------------------+-------------------------------------------------------------------+


+------------------------------------------------------+
; General Register Statistics                          ;
+----------------------------------------------+-------+
; Statistic                                    ; Value ;
+----------------------------------------------+-------+
; Total registers                              ; 57    ;
; Number of registers using Synchronous Clear  ; 22    ;
; Number of registers using Synchronous Load   ; 0     ;
; Number of registers using Asynchronous Clear ; 9     ;
; Number of registers using Asynchronous Load  ; 0     ;
; Number of registers using Clock Enable       ; 28    ;
; Number of registers using Preset             ; 0     ;
+----------------------------------------------+-------+


+--------------------------------------------------------------------------------------------------------------------------------------------------------------------------------+
; Multiplexer Restructuring Statistics (Restructuring Performed)                                                                                                                 ;
+--------------------+-----------+---------------+----------------------+------------------------+------------+------------------------------------------------------------------+
; Multiplexer Inputs ; Bus Width ; Baseline Area ; Area if Restructured ; Saving if Restructured ; Registered ; Example Multiplexer Output                                       ;
+--------------------+-----------+---------------+----------------------+------------------------+------------+------------------------------------------------------------------+
; 3:1                ; 13 bits   ; 26 LEs        ; 0 LEs                ; 26 LEs                 ; Yes        ; |hdmi_init|i2c_clk_divider:clk_divider|count[11]                 ;
; 6:1                ; 2 bits    ; 8 LEs         ; 4 LEs                ; 4 LEs                  ; Yes        ; |hdmi_init|delay[1]                                              ;
; 33:1               ; 8 bits    ; 176 LEs       ; 0 LEs                ; 176 LEs                ; Yes        ; |hdmi_init|i2c_controller:i2c|i2c_master:master|count[7]         ;
; 34:1               ; 4 bits    ; 88 LEs        ; 56 LEs               ; 32 LEs                 ; Yes        ; |hdmi_init|i2c_controller:i2c|i2c_master:master|state[4]         ;
; 35:1               ; 3 bits    ; 69 LEs        ; 6 LEs                ; 63 LEs                 ; Yes        ; |hdmi_init|i2c_controller:i2c|i2c_master:master|command_index[2] ;
; 21:1               ; 8 bits    ; 112 LEs       ; 16 LEs               ; 96 LEs                 ; Yes        ; |hdmi_init|i2c_controller:i2c|i2c_master:master|current_data[2]  ;
+--------------------+-----------+---------------+----------------------+------------------------+------------+------------------------------------------------------------------+


+--------------------------------------------------------------------------+
; Parameter Settings for User Entity Instance: i2c_clk_divider:clk_divider ;
+----------------+-------+-------------------------------------------------+
; Parameter Name ; Value ; Type                                            ;
+----------------+-------+-------------------------------------------------+
; DELAY          ; 5000  ; Signed Integer                                  ;
+----------------+-------+-------------------------------------------------+
Note: In order to hide this table in the UI and the text report file, please set the "Show Parameter Settings in Synthesis Report" option in "Analysis and Synthesis Settings -> More Settings" to "Off".


+----------------------------------------------------------------------------------------------------------------+
; Port Connectivity Checks: "sr_latch:sr_latch_n"                                                                ;
+------+--------+----------+-------------------------------------------------------------------------------------+
; Port ; Type   ; Severity ; Details                                                                             ;
+------+--------+----------+-------------------------------------------------------------------------------------+
; Qn   ; Output ; Info     ; Connected to dangling logic. Logic that only feeds a dangling port will be removed. ;
+------+--------+----------+-------------------------------------------------------------------------------------+


+----------------------------------------------------------------------------------------------------------------------------------------------+
; Port Connectivity Checks: "i2c_controller:i2c|i2c_master:master"                                                                             ;
+---------------+--------+----------+----------------------------------------------------------------------------------------------------------+
; Port          ; Type   ; Severity ; Details                                                                                                  ;
+---------------+--------+----------+----------------------------------------------------------------------------------------------------------+
; count         ; Output ; Warning  ; Declared by entity but not connected by instance. Logic that only feeds a dangling port will be removed. ;
; command_index ; Output ; Warning  ; Declared by entity but not connected by instance. Logic that only feeds a dangling port will be removed. ;
+---------------+--------+----------+----------------------------------------------------------------------------------------------------------+


+--------------------------------------------------+
; Port Connectivity Checks: "i2c_controller:i2c"   ;
+----------------+-------+----------+--------------+
; Port           ; Type  ; Severity ; Details      ;
+----------------+-------+----------+--------------+
; dev_addr[6..4] ; Input ; Info     ; Stuck at VCC ;
; dev_addr[3..2] ; Input ; Info     ; Stuck at GND ;
; dev_addr[7]    ; Input ; Info     ; Stuck at GND ;
; dev_addr[1]    ; Input ; Info     ; Stuck at VCC ;
; dev_addr[0]    ; Input ; Info     ; Stuck at GND ;
+----------------+-------+----------+--------------+


+-----------------------------------------------------+
; Post-Synthesis Netlist Statistics for Top Partition ;
+-----------------------+-----------------------------+
; Type                  ; Count                       ;
+-----------------------+-----------------------------+
; arriav_ff             ; 57                          ;
;     CLR               ; 9                           ;
;     ENA               ; 20                          ;
;     ENA SCLR          ; 8                           ;
;     SCLR              ; 14                          ;
;     plain             ; 6                           ;
; arriav_io_obuf        ; 1                           ;
; arriav_lcell_comb     ; 131                         ;
;     arith             ; 27                          ;
;         1 data inputs ; 26                          ;
;         2 data inputs ; 1                           ;
;     extend            ; 1                           ;
;         7 data inputs ; 1                           ;
;     normal            ; 103                         ;
;         0 data inputs ; 1                           ;
;         2 data inputs ; 13                          ;
;         3 data inputs ; 13                          ;
;         4 data inputs ; 8                           ;
;         5 data inputs ; 43                          ;
;         6 data inputs ; 25                          ;
; boundary_port         ; 25                          ;
;                       ;                             ;
; Max LUT depth         ; 3.00                        ;
; Average LUT depth     ; 1.99                        ;
+-----------------------+-----------------------------+


+-------------------------------+
; Elapsed Time Per Partition    ;
+----------------+--------------+
; Partition Name ; Elapsed Time ;
+----------------+--------------+
; Top            ; 00:00:01     ;
+----------------+--------------+


+-------------------------------+
; Analysis & Synthesis Messages ;
+-------------------------------+
Info: *******************************************************************
Info: Running Quartus Prime Analysis & Synthesis
    Info: Version 18.1.0 Build 625 09/12/2018 SJ Lite Edition
    Info: Processing started: Sat Jun  1 16:10:05 2019
Info: Command: quartus_map --read_settings_files=on --write_settings_files=off hdmi_init -c hdmi_init
Warning (18236): Number of processors has not been specified which may cause overloading on shared machines.  Set the global assignment NUM_PARALLEL_PROCESSORS in your QSF to an appropriate value for best performance.
Info (20030): Parallel compilation is enabled and will use 4 of the 4 processors detected
Info (12021): Found 1 design units, including 1 entities, in source file /home/peter/Documents/RMIT/2019.1/Advanced Digital Design/Final_Project/add_final_project/project_files/sr_latch_n/sr_latch.v
    Info (12023): Found entity 1: sr_latch File: /home/peter/Documents/RMIT/2019.1/Advanced Digital Design/Final_Project/add_final_project/project_files/sr_latch_n/sr_latch.v Line: 7
Info (12021): Found 1 design units, including 1 entities, in source file /home/peter/Documents/RMIT/2019.1/Advanced Digital Design/Final_Project/add_final_project/project_files/i2c_master/i2c_master.v
    Info (12023): Found entity 1: i2c_master File: /home/peter/Documents/RMIT/2019.1/Advanced Digital Design/Final_Project/add_final_project/project_files/i2c_master/i2c_master.v Line: 1
Info (12021): Found 1 design units, including 1 entities, in source file /home/peter/Documents/RMIT/2019.1/Advanced Digital Design/Final_Project/add_final_project/project_files/i2c_master/i2c_controller.v
    Info (12023): Found entity 1: i2c_controller File: /home/peter/Documents/RMIT/2019.1/Advanced Digital Design/Final_Project/add_final_project/project_files/i2c_master/i2c_controller.v Line: 1
Info (12021): Found 1 design units, including 1 entities, in source file /home/peter/Documents/RMIT/2019.1/Advanced Digital Design/Final_Project/add_final_project/project_files/i2c_master/i2c_clk_divider.v
    Info (12023): Found entity 1: i2c_clk_divider File: /home/peter/Documents/RMIT/2019.1/Advanced Digital Design/Final_Project/add_final_project/project_files/i2c_master/i2c_clk_divider.v Line: 1
Info (12021): Found 1 design units, including 1 entities, in source file hdmi_init.v
    Info (12023): Found entity 1: hdmi_init File: /home/peter/Documents/RMIT/2019.1/Advanced Digital Design/Final_Project/add_final_project/project_files/hdmi_init/hdmi_init.v Line: 1
Info (12127): Elaborating entity "hdmi_init" for the top level hierarchy
Warning (10230): Verilog HDL assignment warning at hdmi_init.v(182): truncated value with size 32 to match size of target (3) File: /home/peter/Documents/RMIT/2019.1/Advanced Digital Design/Final_Project/add_final_project/project_files/hdmi_init/hdmi_init.v Line: 182
Warning (10230): Verilog HDL assignment warning at hdmi_init.v(229): truncated value with size 32 to match size of target (6) File: /home/peter/Documents/RMIT/2019.1/Advanced Digital Design/Final_Project/add_final_project/project_files/hdmi_init/hdmi_init.v Line: 229
Info (12128): Elaborating entity "i2c_clk_divider" for hierarchy "i2c_clk_divider:clk_divider" File: /home/peter/Documents/RMIT/2019.1/Advanced Digital Design/Final_Project/add_final_project/project_files/hdmi_init/hdmi_init.v Line: 82
Warning (10230): Verilog HDL assignment warning at i2c_clk_divider.v(23): truncated value with size 32 to match size of target (13) File: /home/peter/Documents/RMIT/2019.1/Advanced Digital Design/Final_Project/add_final_project/project_files/i2c_master/i2c_clk_divider.v Line: 23
Info (12128): Elaborating entity "i2c_controller" for hierarchy "i2c_controller:i2c" File: /home/peter/Documents/RMIT/2019.1/Advanced Digital Design/Final_Project/add_final_project/project_files/hdmi_init/hdmi_init.v Line: 95
Info (12128): Elaborating entity "i2c_master" for hierarchy "i2c_controller:i2c|i2c_master:master" File: /home/peter/Documents/RMIT/2019.1/Advanced Digital Design/Final_Project/add_final_project/project_files/i2c_master/i2c_controller.v Line: 47
Warning (10230): Verilog HDL assignment warning at i2c_master.v(38): truncated value with size 32 to match size of target (8) File: /home/peter/Documents/RMIT/2019.1/Advanced Digital Design/Final_Project/add_final_project/project_files/i2c_master/i2c_master.v Line: 38
Warning (10230): Verilog HDL assignment warning at i2c_master.v(52): truncated value with size 32 to match size of target (8) File: /home/peter/Documents/RMIT/2019.1/Advanced Digital Design/Final_Project/add_final_project/project_files/i2c_master/i2c_master.v Line: 52
Warning (10230): Verilog HDL assignment warning at i2c_master.v(58): truncated value with size 32 to match size of target (8) File: /home/peter/Documents/RMIT/2019.1/Advanced Digital Design/Final_Project/add_final_project/project_files/i2c_master/i2c_master.v Line: 58
Warning (10230): Verilog HDL assignment warning at i2c_master.v(65): truncated value with size 32 to match size of target (8) File: /home/peter/Documents/RMIT/2019.1/Advanced Digital Design/Final_Project/add_final_project/project_files/i2c_master/i2c_master.v Line: 65
Warning (10230): Verilog HDL assignment warning at i2c_master.v(71): truncated value with size 32 to match size of target (8) File: /home/peter/Documents/RMIT/2019.1/Advanced Digital Design/Final_Project/add_final_project/project_files/i2c_master/i2c_master.v Line: 71
Warning (10230): Verilog HDL assignment warning at i2c_master.v(76): truncated value with size 32 to match size of target (8) File: /home/peter/Documents/RMIT/2019.1/Advanced Digital Design/Final_Project/add_final_project/project_files/i2c_master/i2c_master.v Line: 76
Warning (10230): Verilog HDL assignment warning at i2c_master.v(87): truncated value with size 32 to match size of target (8) File: /home/peter/Documents/RMIT/2019.1/Advanced Digital Design/Final_Project/add_final_project/project_files/i2c_master/i2c_master.v Line: 87
Warning (10230): Verilog HDL assignment warning at i2c_master.v(109): truncated value with size 32 to match size of target (8) File: /home/peter/Documents/RMIT/2019.1/Advanced Digital Design/Final_Project/add_final_project/project_files/i2c_master/i2c_master.v Line: 109
Warning (10230): Verilog HDL assignment warning at i2c_master.v(115): truncated value with size 32 to match size of target (8) File: /home/peter/Documents/RMIT/2019.1/Advanced Digital Design/Final_Project/add_final_project/project_files/i2c_master/i2c_master.v Line: 115
Warning (10230): Verilog HDL assignment warning at i2c_master.v(120): truncated value with size 32 to match size of target (8) File: /home/peter/Documents/RMIT/2019.1/Advanced Digital Design/Final_Project/add_final_project/project_files/i2c_master/i2c_master.v Line: 120
Warning (10230): Verilog HDL assignment warning at i2c_master.v(125): truncated value with size 32 to match size of target (8) File: /home/peter/Documents/RMIT/2019.1/Advanced Digital Design/Final_Project/add_final_project/project_files/i2c_master/i2c_master.v Line: 125
Warning (10230): Verilog HDL assignment warning at i2c_master.v(130): truncated value with size 32 to match size of target (8) File: /home/peter/Documents/RMIT/2019.1/Advanced Digital Design/Final_Project/add_final_project/project_files/i2c_master/i2c_master.v Line: 130
Warning (10230): Verilog HDL assignment warning at i2c_master.v(141): truncated value with size 32 to match size of target (8) File: /home/peter/Documents/RMIT/2019.1/Advanced Digital Design/Final_Project/add_final_project/project_files/i2c_master/i2c_master.v Line: 141
Info (12128): Elaborating entity "sr_latch" for hierarchy "sr_latch:sr_latch_n" File: /home/peter/Documents/RMIT/2019.1/Advanced Digital Design/Final_Project/add_final_project/project_files/hdmi_init/hdmi_init.v Line: 102
Warning (10240): Verilog HDL Always Construct warning at sr_latch.v(28): inferring latch(es) for variable "output_Q", which holds its previous value in one or more paths through the always construct File: /home/peter/Documents/RMIT/2019.1/Advanced Digital Design/Final_Project/add_final_project/project_files/sr_latch_n/sr_latch.v Line: 28
Info (10041): Inferred latch for "output_Q" at sr_latch.v(33) File: /home/peter/Documents/RMIT/2019.1/Advanced Digital Design/Final_Project/add_final_project/project_files/sr_latch_n/sr_latch.v Line: 33
Warning (12241): 1 hierarchies have connectivity warnings - see the Connectivity Checks report folder
Warning (13024): Output pins are stuck at VCC or GND
    Warning (13410): Pin "i2c_states[4]" is stuck at GND File: /home/peter/Documents/RMIT/2019.1/Advanced Digital Design/Final_Project/add_final_project/project_files/hdmi_init/hdmi_init.v Line: 11
    Warning (13410): Pin "i2c_states[5]" is stuck at GND File: /home/peter/Documents/RMIT/2019.1/Advanced Digital Design/Final_Project/add_final_project/project_files/hdmi_init/hdmi_init.v Line: 11
    Warning (13410): Pin "i2c_states[6]" is stuck at GND File: /home/peter/Documents/RMIT/2019.1/Advanced Digital Design/Final_Project/add_final_project/project_files/hdmi_init/hdmi_init.v Line: 11
    Warning (13410): Pin "i2c_states[7]" is stuck at GND File: /home/peter/Documents/RMIT/2019.1/Advanced Digital Design/Final_Project/add_final_project/project_files/hdmi_init/hdmi_init.v Line: 11
Info (286030): Timing-Driven Synthesis is running
Warning (14632): Output pin "i2c_sda_test" driven by bidirectional pin "i2c_sda" cannot be tri-stated File: /home/peter/Documents/RMIT/2019.1/Advanced Digital Design/Final_Project/add_final_project/project_files/hdmi_init/hdmi_init.v Line: 19
Info (17049): 4 registers lost all their fanouts during netlist optimizations.
Info (144001): Generated suppressed messages file /home/peter/Documents/RMIT/2019.1/Advanced Digital Design/Final_Project/add_final_project/project_files/hdmi_init/output_files/hdmi_init.map.smsg
Info (16010): Generating hard_block partition "hard_block:auto_generated_inst"
    Info (16011): Adding 0 node(s), including 0 DDIO, 0 PLL, 0 transceiver and 0 LCELL
Warning (21074): Design contains 1 input pin(s) that do not drive logic
    Warning (15610): No output dependent on input pin "hdmi_tx_int" File: /home/peter/Documents/RMIT/2019.1/Advanced Digital Design/Final_Project/add_final_project/project_files/hdmi_init/hdmi_init.v Line: 6
Info (21057): Implemented 156 device resources after synthesis - the final resource count might be different
    Info (21058): Implemented 5 input pins
    Info (21059): Implemented 19 output pins
    Info (21060): Implemented 1 bidirectional pins
    Info (21061): Implemented 131 logic cells
Info: Quartus Prime Analysis & Synthesis was successful. 0 errors, 27 warnings
    Info: Peak virtual memory: 1039 megabytes
    Info: Processing ended: Sat Jun  1 16:10:19 2019
    Info: Elapsed time: 00:00:14
    Info: Total CPU time (on all processors): 00:00:36


+------------------------------------------+
; Analysis & Synthesis Suppressed Messages ;
+------------------------------------------+
The suppressed messages can be found in /home/peter/Documents/RMIT/2019.1/Advanced Digital Design/Final_Project/add_final_project/project_files/hdmi_init/output_files/hdmi_init.map.smsg.


