Analysis & Synthesis report for i2c_master
Thu May 30 10:43:19 2019
Quartus Prime Version 18.1.0 Build 625 09/12/2018 SJ Lite Edition


---------------------
; Table of Contents ;
---------------------
  1. Legal Notice
  2. Analysis & Synthesis Summary
  3. Analysis & Synthesis Settings
  4. Parallel Compilation
  5. Analysis & Synthesis Source Files Read
  6. Analysis & Synthesis Resource Usage Summary
  7. Analysis & Synthesis Resource Utilization by Entity
  8. Registers Removed During Synthesis
  9. General Register Statistics
 10. Multiplexer Restructuring Statistics (Restructuring Performed)
 11. Parameter Settings for User Entity Instance: i2c_clk_divider:clk_divider
 12. Port Connectivity Checks: "i2c_master:master"
 13. Post-Synthesis Netlist Statistics for Top Partition
 14. Elapsed Time Per Partition
 15. Analysis & Synthesis Messages



----------------
; Legal Notice ;
----------------
Copyright (C) 2018  Intel Corporation. All rights reserved.
Your use of Intel Corporation's design tools, logic functions 
and other software and tools, and its AMPP partner logic 
functions, and any output files from any of the foregoing 
(including device programming or simulation files), and any 
associated documentation or information are expressly subject 
to the terms and conditions of the Intel Program License 
Subscription Agreement, the Intel Quartus Prime License Agreement,
the Intel FPGA IP License Agreement, or other applicable license
agreement, including, without limitation, that your use is for
the sole purpose of programming logic devices manufactured by
Intel and sold by Intel or its authorized distributors.  Please
refer to the applicable agreement for further details.



+-------------------------------------------------------------------------------+
; Analysis & Synthesis Summary                                                  ;
+---------------------------------+---------------------------------------------+
; Analysis & Synthesis Status     ; Successful - Thu May 30 10:43:19 2019       ;
; Quartus Prime Version           ; 18.1.0 Build 625 09/12/2018 SJ Lite Edition ;
; Revision Name                   ; i2c_master                                  ;
; Top-level Entity Name           ; i2c_controller                              ;
; Family                          ; Cyclone V                                   ;
; Logic utilization (in ALMs)     ; N/A                                         ;
; Total registers                 ; 36                                          ;
; Total pins                      ; 39                                          ;
; Total virtual pins              ; 0                                           ;
; Total block memory bits         ; 0                                           ;
; Total DSP Blocks                ; 0                                           ;
; Total HSSI RX PCSs              ; 0                                           ;
; Total HSSI PMA RX Deserializers ; 0                                           ;
; Total HSSI TX PCSs              ; 0                                           ;
; Total HSSI PMA TX Serializers   ; 0                                           ;
; Total PLLs                      ; 0                                           ;
; Total DLLs                      ; 0                                           ;
+---------------------------------+---------------------------------------------+


+---------------------------------------------------------------------------------------------------------------------------+
; Analysis & Synthesis Settings                                                                                             ;
+---------------------------------------------------------------------------------+--------------------+--------------------+
; Option                                                                          ; Setting            ; Default Value      ;
+---------------------------------------------------------------------------------+--------------------+--------------------+
; Device                                                                          ; 5CSEBA6U23I7DK     ;                    ;
; Top-level entity name                                                           ; i2c_controller     ; i2c_master         ;
; Family name                                                                     ; Cyclone V          ; Cyclone V          ;
; Use smart compilation                                                           ; Off                ; Off                ;
; Enable parallel Assembler and Timing Analyzer during compilation                ; On                 ; On                 ;
; Enable compact report table                                                     ; Off                ; Off                ;
; Restructure Multiplexers                                                        ; Auto               ; Auto               ;
; MLAB Add Timing Constraints For Mixed-Port Feed-Through Mode Setting Don't Care ; Off                ; Off                ;
; Create Debugging Nodes for IP Cores                                             ; Off                ; Off                ;
; Preserve fewer node names                                                       ; On                 ; On                 ;
; Intel FPGA IP Evaluation Mode                                                   ; Enable             ; Enable             ;
; Verilog Version                                                                 ; Verilog_2001       ; Verilog_2001       ;
; VHDL Version                                                                    ; VHDL_1993          ; VHDL_1993          ;
; State Machine Processing                                                        ; Auto               ; Auto               ;
; Safe State Machine                                                              ; Off                ; Off                ;
; Extract Verilog State Machines                                                  ; On                 ; On                 ;
; Extract VHDL State Machines                                                     ; On                 ; On                 ;
; Ignore Verilog initial constructs                                               ; Off                ; Off                ;
; Iteration limit for constant Verilog loops                                      ; 5000               ; 5000               ;
; Iteration limit for non-constant Verilog loops                                  ; 250                ; 250                ;
; Add Pass-Through Logic to Inferred RAMs                                         ; On                 ; On                 ;
; Infer RAMs from Raw Logic                                                       ; On                 ; On                 ;
; Parallel Synthesis                                                              ; On                 ; On                 ;
; DSP Block Balancing                                                             ; Auto               ; Auto               ;
; NOT Gate Push-Back                                                              ; On                 ; On                 ;
; Power-Up Don't Care                                                             ; On                 ; On                 ;
; Remove Redundant Logic Cells                                                    ; Off                ; Off                ;
; Remove Duplicate Registers                                                      ; On                 ; On                 ;
; Ignore CARRY Buffers                                                            ; Off                ; Off                ;
; Ignore CASCADE Buffers                                                          ; Off                ; Off                ;
; Ignore GLOBAL Buffers                                                           ; Off                ; Off                ;
; Ignore ROW GLOBAL Buffers                                                       ; Off                ; Off                ;
; Ignore LCELL Buffers                                                            ; Off                ; Off                ;
; Ignore SOFT Buffers                                                             ; On                 ; On                 ;
; Limit AHDL Integers to 32 Bits                                                  ; Off                ; Off                ;
; Optimization Technique                                                          ; Balanced           ; Balanced           ;
; Carry Chain Length                                                              ; 70                 ; 70                 ;
; Auto Carry Chains                                                               ; On                 ; On                 ;
; Auto Open-Drain Pins                                                            ; On                 ; On                 ;
; Perform WYSIWYG Primitive Resynthesis                                           ; Off                ; Off                ;
; Auto ROM Replacement                                                            ; On                 ; On                 ;
; Auto RAM Replacement                                                            ; On                 ; On                 ;
; Auto DSP Block Replacement                                                      ; On                 ; On                 ;
; Auto Shift Register Replacement                                                 ; Auto               ; Auto               ;
; Allow Shift Register Merging across Hierarchies                                 ; Auto               ; Auto               ;
; Auto Clock Enable Replacement                                                   ; On                 ; On                 ;
; Strict RAM Replacement                                                          ; Off                ; Off                ;
; Allow Synchronous Control Signals                                               ; On                 ; On                 ;
; Force Use of Synchronous Clear Signals                                          ; Off                ; Off                ;
; Auto Resource Sharing                                                           ; Off                ; Off                ;
; Allow Any RAM Size For Recognition                                              ; Off                ; Off                ;
; Allow Any ROM Size For Recognition                                              ; Off                ; Off                ;
; Allow Any Shift Register Size For Recognition                                   ; Off                ; Off                ;
; Use LogicLock Constraints during Resource Balancing                             ; On                 ; On                 ;
; Ignore translate_off and synthesis_off directives                               ; Off                ; Off                ;
; Timing-Driven Synthesis                                                         ; On                 ; On                 ;
; Report Parameter Settings                                                       ; On                 ; On                 ;
; Report Source Assignments                                                       ; On                 ; On                 ;
; Report Connectivity Checks                                                      ; On                 ; On                 ;
; Ignore Maximum Fan-Out Assignments                                              ; Off                ; Off                ;
; Synchronization Register Chain Length                                           ; 3                  ; 3                  ;
; Power Optimization During Synthesis                                             ; Normal compilation ; Normal compilation ;
; HDL message level                                                               ; Level2             ; Level2             ;
; Suppress Register Optimization Related Messages                                 ; Off                ; Off                ;
; Number of Removed Registers Reported in Synthesis Report                        ; 5000               ; 5000               ;
; Number of Swept Nodes Reported in Synthesis Report                              ; 5000               ; 5000               ;
; Number of Inverted Registers Reported in Synthesis Report                       ; 100                ; 100                ;
; Clock MUX Protection                                                            ; On                 ; On                 ;
; Auto Gated Clock Conversion                                                     ; Off                ; Off                ;
; Block Design Naming                                                             ; Auto               ; Auto               ;
; SDC constraint protection                                                       ; Off                ; Off                ;
; Synthesis Effort                                                                ; Auto               ; Auto               ;
; Shift Register Replacement - Allow Asynchronous Clear Signal                    ; On                 ; On                 ;
; Pre-Mapping Resynthesis Optimization                                            ; Off                ; Off                ;
; Analysis & Synthesis Message Level                                              ; Medium             ; Medium             ;
; Disable Register Merging Across Hierarchies                                     ; Auto               ; Auto               ;
; Resource Aware Inference For Block RAM                                          ; On                 ; On                 ;
; Automatic Parallel Synthesis                                                    ; On                 ; On                 ;
; Partial Reconfiguration Bitstream ID                                            ; Off                ; Off                ;
+---------------------------------------------------------------------------------+--------------------+--------------------+


+------------------------------------------+
; Parallel Compilation                     ;
+----------------------------+-------------+
; Processors                 ; Number      ;
+----------------------------+-------------+
; Number detected on machine ; 8           ;
; Maximum allowed            ; 8           ;
;                            ;             ;
; Average used               ; 1.00        ;
; Maximum used               ; 8           ;
;                            ;             ;
; Usage by Processor         ; % Time Used ;
;     Processor 1            ; 100.0%      ;
;     Processors 2-8         ;   0.0%      ;
+----------------------------+-------------+


+------------------------------------------------------------------------------------------------------------------------------------------------------------------------------------------------------------------------------+
; Analysis & Synthesis Source Files Read                                                                                                                                                                                       ;
+----------------------------------+-----------------+------------------------+--------------------------------------------------------------------------------------------------------------------------------------+---------+
; File Name with User-Entered Path ; Used in Netlist ; File Type              ; File Name with Absolute Path                                                                                                         ; Library ;
+----------------------------------+-----------------+------------------------+--------------------------------------------------------------------------------------------------------------------------------------+---------+
; i2c_master.v                     ; yes             ; User Verilog HDL File  ; /home/peter/Documents/RMIT/2019.1/Advanced Digital Design/Final_Project/add_final_project/project_files/i2c_master/i2c_master.v      ;         ;
; i2c_clk_divider.v                ; yes             ; User Verilog HDL File  ; /home/peter/Documents/RMIT/2019.1/Advanced Digital Design/Final_Project/add_final_project/project_files/i2c_master/i2c_clk_divider.v ;         ;
; i2c_controller.v                 ; yes             ; User Verilog HDL File  ; /home/peter/Documents/RMIT/2019.1/Advanced Digital Design/Final_Project/add_final_project/project_files/i2c_master/i2c_controller.v  ;         ;
+----------------------------------+-----------------+------------------------+--------------------------------------------------------------------------------------------------------------------------------------+---------+


+-----------------------------------------------------------------------------------+
; Analysis & Synthesis Resource Usage Summary                                       ;
+---------------------------------------------+-------------------------------------+
; Resource                                    ; Usage                               ;
+---------------------------------------------+-------------------------------------+
; Estimate of Logic utilization (ALMs needed) ; 36                                  ;
;                                             ;                                     ;
; Combinational ALUT usage for logic          ; 54                                  ;
;     -- 7 input functions                    ; 0                                   ;
;     -- 6 input functions                    ; 18                                  ;
;     -- 5 input functions                    ; 8                                   ;
;     -- 4 input functions                    ; 5                                   ;
;     -- <=3 input functions                  ; 23                                  ;
;                                             ;                                     ;
; Dedicated logic registers                   ; 36                                  ;
;                                             ;                                     ;
; I/O pins                                    ; 39                                  ;
;                                             ;                                     ;
; Total DSP Blocks                            ; 0                                   ;
;                                             ;                                     ;
; Maximum fan-out node                        ; i2c_clk_divider:clk_divider|i2c_clk ;
; Maximum fan-out                             ; 27                                  ;
; Total fan-out                               ; 375                                 ;
; Average fan-out                             ; 2.22                                ;
+---------------------------------------------+-------------------------------------+


+--------------------------------------------------------------------------------------------------------------------------------------------------------------------------------------------------------------------------+
; Analysis & Synthesis Resource Utilization by Entity                                                                                                                                                                      ;
+----------------------------------+---------------------+---------------------------+-------------------+------------+------+--------------+---------------------------------------------+-----------------+--------------+
; Compilation Hierarchy Node       ; Combinational ALUTs ; Dedicated Logic Registers ; Block Memory Bits ; DSP Blocks ; Pins ; Virtual Pins ; Full Hierarchy Name                         ; Entity Name     ; Library Name ;
+----------------------------------+---------------------+---------------------------+-------------------+------------+------+--------------+---------------------------------------------+-----------------+--------------+
; |i2c_controller                  ; 54 (0)              ; 36 (0)                    ; 0                 ; 0          ; 39   ; 0            ; |i2c_controller                             ; i2c_controller  ; work         ;
;    |i2c_clk_divider:clk_divider| ; 12 (12)             ; 10 (10)                   ; 0                 ; 0          ; 0    ; 0            ; |i2c_controller|i2c_clk_divider:clk_divider ; i2c_clk_divider ; work         ;
;    |i2c_master:master|           ; 42 (42)             ; 26 (26)                   ; 0                 ; 0          ; 0    ; 0            ; |i2c_controller|i2c_master:master           ; i2c_master      ; work         ;
+----------------------------------+---------------------+---------------------------+-------------------+------------+------+--------------+---------------------------------------------+-----------------+--------------+
Note: For table entries with two numbers listed, the numbers in parentheses indicate the number of resources of the given type used by the specific entity alone. The numbers listed outside of parentheses indicate the total resources of the given type used by the specific entity and all of its sub-entities in the hierarchy.


+-----------------------------------------------------------------------------------------+
; Registers Removed During Synthesis                                                      ;
+----------------------------------------+------------------------------------------------+
; Register name                          ; Reason for Removal                             ;
+----------------------------------------+------------------------------------------------+
; i2c_master:master|state[5..7]          ; Merged with i2c_master:master|state[4]         ;
; i2c_master:master|command_index[3..7]  ; Merged with i2c_master:master|command_index[2] ;
; i2c_master:master|command_index[2]     ; Stuck at GND due to stuck port data_in         ;
; i2c_master:master|state[4]             ; Stuck at GND due to stuck port clock_enable    ;
; Total Number of Removed Registers = 10 ;                                                ;
+----------------------------------------+------------------------------------------------+


+------------------------------------------------------+
; General Register Statistics                          ;
+----------------------------------------------+-------+
; Statistic                                    ; Value ;
+----------------------------------------------+-------+
; Total registers                              ; 36    ;
; Number of registers using Synchronous Clear  ; 18    ;
; Number of registers using Synchronous Load   ; 0     ;
; Number of registers using Asynchronous Clear ; 4     ;
; Number of registers using Asynchronous Load  ; 0     ;
; Number of registers using Clock Enable       ; 18    ;
; Number of registers using Preset             ; 0     ;
+----------------------------------------------+-------+


+--------------------------------------------------------------------------------------------------------------------------------------------------------------------+
; Multiplexer Restructuring Statistics (Restructuring Performed)                                                                                                     ;
+--------------------+-----------+---------------+----------------------+------------------------+------------+------------------------------------------------------+
; Multiplexer Inputs ; Bus Width ; Baseline Area ; Area if Restructured ; Saving if Restructured ; Registered ; Example Multiplexer Output                           ;
+--------------------+-----------+---------------+----------------------+------------------------+------------+------------------------------------------------------+
; 3:1                ; 9 bits    ; 18 LEs        ; 0 LEs                ; 18 LEs                 ; Yes        ; |i2c_controller|i2c_clk_divider:clk_divider|count[8] ;
; 33:1               ; 8 bits    ; 176 LEs       ; 0 LEs                ; 176 LEs                ; Yes        ; |i2c_controller|i2c_master:master|count[3]           ;
; 34:1               ; 4 bits    ; 88 LEs        ; 56 LEs               ; 32 LEs                 ; Yes        ; |i2c_controller|i2c_master:master|state[0]           ;
; 35:1               ; 3 bits    ; 69 LEs        ; 6 LEs                ; 63 LEs                 ; Yes        ; |i2c_controller|i2c_master:master|command_index[0]   ;
; 21:1               ; 8 bits    ; 112 LEs       ; 16 LEs               ; 96 LEs                 ; Yes        ; |i2c_controller|i2c_master:master|current_data[7]    ;
+--------------------+-----------+---------------+----------------------+------------------------+------------+------------------------------------------------------+


+--------------------------------------------------------------------------+
; Parameter Settings for User Entity Instance: i2c_clk_divider:clk_divider ;
+----------------+-------+-------------------------------------------------+
; Parameter Name ; Value ; Type                                            ;
+----------------+-------+-------------------------------------------------+
; DELAY          ; 500   ; Signed Integer                                  ;
+----------------+-------+-------------------------------------------------+
Note: In order to hide this table in the UI and the text report file, please set the "Show Parameter Settings in Synthesis Report" option in "Analysis and Synthesis Settings -> More Settings" to "Off".


+----------------------------------------------------------------------------------------------------------------------------------------------------------------------------------+
; Port Connectivity Checks: "i2c_master:master"                                                                                                                                    ;
+---------------+--------+----------+----------------------------------------------------------------------------------------------------------------------------------------------+
; Port          ; Type   ; Severity ; Details                                                                                                                                      ;
+---------------+--------+----------+----------------------------------------------------------------------------------------------------------------------------------------------+
; sda_input     ; Input  ; Warning  ; Declared by entity but not connected by instance. If a default value exists, it will be used.  Otherwise, the port will be connected to GND. ;
; count         ; Output ; Warning  ; Declared by entity but not connected by instance. Logic that only feeds a dangling port will be removed.                                     ;
; command_index ; Output ; Warning  ; Declared by entity but not connected by instance. Logic that only feeds a dangling port will be removed.                                     ;
; ack           ; Output ; Warning  ; Declared by entity but not connected by instance. Logic that only feeds a dangling port will be removed.                                     ;
+---------------+--------+----------+----------------------------------------------------------------------------------------------------------------------------------------------+


+-----------------------------------------------------+
; Post-Synthesis Netlist Statistics for Top Partition ;
+-----------------------+-----------------------------+
; Type                  ; Count                       ;
+-----------------------+-----------------------------+
; arriav_ff             ; 36                          ;
;     CLR               ; 4                           ;
;     ENA               ; 10                          ;
;     ENA SCLR          ; 8                           ;
;     SCLR              ; 10                          ;
;     plain             ; 4                           ;
; arriav_io_obuf        ; 1                           ;
; arriav_lcell_comb     ; 55                          ;
;     arith             ; 17                          ;
;         1 data inputs ; 17                          ;
;     normal            ; 38                          ;
;         0 data inputs ; 1                           ;
;         2 data inputs ; 2                           ;
;         3 data inputs ; 4                           ;
;         4 data inputs ; 5                           ;
;         5 data inputs ; 8                           ;
;         6 data inputs ; 18                          ;
; boundary_port         ; 39                          ;
;                       ;                             ;
; Max LUT depth         ; 2.00                        ;
; Average LUT depth     ; 1.50                        ;
+-----------------------+-----------------------------+


+-------------------------------+
; Elapsed Time Per Partition    ;
+----------------+--------------+
; Partition Name ; Elapsed Time ;
+----------------+--------------+
; Top            ; 00:00:00     ;
+----------------+--------------+


+-------------------------------+
; Analysis & Synthesis Messages ;
+-------------------------------+
Info: *******************************************************************
Info: Running Quartus Prime Analysis & Synthesis
    Info: Version 18.1.0 Build 625 09/12/2018 SJ Lite Edition
    Info: Processing started: Thu May 30 10:43:05 2019
Info: Command: quartus_map --read_settings_files=on --write_settings_files=off i2c_master -c i2c_master
Warning (18236): Number of processors has not been specified which may cause overloading on shared machines.  Set the global assignment NUM_PARALLEL_PROCESSORS in your QSF to an appropriate value for best performance.
Info (20030): Parallel compilation is enabled and will use 8 of the 8 processors detected
Info (12021): Found 1 design units, including 1 entities, in source file i2c_master.v
    Info (12023): Found entity 1: i2c_master File: /home/peter/Documents/RMIT/2019.1/Advanced Digital Design/Final_Project/add_final_project/project_files/i2c_master/i2c_master.v Line: 1
Info (12021): Found 1 design units, including 1 entities, in source file i2c_clk_divider.v
    Info (12023): Found entity 1: i2c_clk_divider File: /home/peter/Documents/RMIT/2019.1/Advanced Digital Design/Final_Project/add_final_project/project_files/i2c_master/i2c_clk_divider.v Line: 1
Info (12021): Found 1 design units, including 1 entities, in source file i2c_controller.v
    Info (12023): Found entity 1: i2c_controller File: /home/peter/Documents/RMIT/2019.1/Advanced Digital Design/Final_Project/add_final_project/project_files/i2c_master/i2c_controller.v Line: 1
Info (12127): Elaborating entity "i2c_controller" for the top level hierarchy
Warning (10034): Output port "ack" at i2c_controller.v(9) has no driver File: /home/peter/Documents/RMIT/2019.1/Advanced Digital Design/Final_Project/add_final_project/project_files/i2c_master/i2c_controller.v Line: 9
Info (12128): Elaborating entity "i2c_clk_divider" for hierarchy "i2c_clk_divider:clk_divider" File: /home/peter/Documents/RMIT/2019.1/Advanced Digital Design/Final_Project/add_final_project/project_files/i2c_master/i2c_controller.v Line: 29
Warning (10230): Verilog HDL assignment warning at i2c_clk_divider.v(23): truncated value with size 32 to match size of target (9) File: /home/peter/Documents/RMIT/2019.1/Advanced Digital Design/Final_Project/add_final_project/project_files/i2c_master/i2c_clk_divider.v Line: 23
Info (12128): Elaborating entity "i2c_master" for hierarchy "i2c_master:master" File: /home/peter/Documents/RMIT/2019.1/Advanced Digital Design/Final_Project/add_final_project/project_files/i2c_master/i2c_controller.v Line: 43
Warning (10230): Verilog HDL assignment warning at i2c_master.v(38): truncated value with size 32 to match size of target (8) File: /home/peter/Documents/RMIT/2019.1/Advanced Digital Design/Final_Project/add_final_project/project_files/i2c_master/i2c_master.v Line: 38
Warning (10230): Verilog HDL assignment warning at i2c_master.v(52): truncated value with size 32 to match size of target (8) File: /home/peter/Documents/RMIT/2019.1/Advanced Digital Design/Final_Project/add_final_project/project_files/i2c_master/i2c_master.v Line: 52
Warning (10230): Verilog HDL assignment warning at i2c_master.v(58): truncated value with size 32 to match size of target (8) File: /home/peter/Documents/RMIT/2019.1/Advanced Digital Design/Final_Project/add_final_project/project_files/i2c_master/i2c_master.v Line: 58
Warning (10230): Verilog HDL assignment warning at i2c_master.v(65): truncated value with size 32 to match size of target (8) File: /home/peter/Documents/RMIT/2019.1/Advanced Digital Design/Final_Project/add_final_project/project_files/i2c_master/i2c_master.v Line: 65
Warning (10230): Verilog HDL assignment warning at i2c_master.v(71): truncated value with size 32 to match size of target (8) File: /home/peter/Documents/RMIT/2019.1/Advanced Digital Design/Final_Project/add_final_project/project_files/i2c_master/i2c_master.v Line: 71
Warning (10230): Verilog HDL assignment warning at i2c_master.v(76): truncated value with size 32 to match size of target (8) File: /home/peter/Documents/RMIT/2019.1/Advanced Digital Design/Final_Project/add_final_project/project_files/i2c_master/i2c_master.v Line: 76
Warning (10230): Verilog HDL assignment warning at i2c_master.v(87): truncated value with size 32 to match size of target (8) File: /home/peter/Documents/RMIT/2019.1/Advanced Digital Design/Final_Project/add_final_project/project_files/i2c_master/i2c_master.v Line: 87
Warning (10230): Verilog HDL assignment warning at i2c_master.v(107): truncated value with size 32 to match size of target (8) File: /home/peter/Documents/RMIT/2019.1/Advanced Digital Design/Final_Project/add_final_project/project_files/i2c_master/i2c_master.v Line: 107
Warning (10230): Verilog HDL assignment warning at i2c_master.v(113): truncated value with size 32 to match size of target (8) File: /home/peter/Documents/RMIT/2019.1/Advanced Digital Design/Final_Project/add_final_project/project_files/i2c_master/i2c_master.v Line: 113
Warning (10230): Verilog HDL assignment warning at i2c_master.v(118): truncated value with size 32 to match size of target (8) File: /home/peter/Documents/RMIT/2019.1/Advanced Digital Design/Final_Project/add_final_project/project_files/i2c_master/i2c_master.v Line: 118
Warning (10230): Verilog HDL assignment warning at i2c_master.v(123): truncated value with size 32 to match size of target (8) File: /home/peter/Documents/RMIT/2019.1/Advanced Digital Design/Final_Project/add_final_project/project_files/i2c_master/i2c_master.v Line: 123
Warning (10230): Verilog HDL assignment warning at i2c_master.v(128): truncated value with size 32 to match size of target (8) File: /home/peter/Documents/RMIT/2019.1/Advanced Digital Design/Final_Project/add_final_project/project_files/i2c_master/i2c_master.v Line: 128
Warning (10230): Verilog HDL assignment warning at i2c_master.v(139): truncated value with size 32 to match size of target (8) File: /home/peter/Documents/RMIT/2019.1/Advanced Digital Design/Final_Project/add_final_project/project_files/i2c_master/i2c_master.v Line: 139
Warning (12241): 1 hierarchies have connectivity warnings - see the Connectivity Checks report folder
Warning (13034): The following nodes have both tri-state and non-tri-state drivers
    Warning (13035): Inserted always-enabled tri-state buffer between "i2c_sda" and its non-tri-state driver. File: /home/peter/Documents/RMIT/2019.1/Advanced Digital Design/Final_Project/add_final_project/project_files/i2c_master/i2c_controller.v Line: 12
Warning (13009): TRI or OPNDRN buffers permanently enabled
    Warning (13010): Node "i2c_sda~synth" File: /home/peter/Documents/RMIT/2019.1/Advanced Digital Design/Final_Project/add_final_project/project_files/i2c_master/i2c_controller.v Line: 12
Warning (13024): Output pins are stuck at VCC or GND
    Warning (13410): Pin "ack" is stuck at GND File: /home/peter/Documents/RMIT/2019.1/Advanced Digital Design/Final_Project/add_final_project/project_files/i2c_master/i2c_controller.v Line: 9
    Warning (13410): Pin "states[4]" is stuck at GND File: /home/peter/Documents/RMIT/2019.1/Advanced Digital Design/Final_Project/add_final_project/project_files/i2c_master/i2c_controller.v Line: 10
    Warning (13410): Pin "states[5]" is stuck at GND File: /home/peter/Documents/RMIT/2019.1/Advanced Digital Design/Final_Project/add_final_project/project_files/i2c_master/i2c_controller.v Line: 10
    Warning (13410): Pin "states[6]" is stuck at GND File: /home/peter/Documents/RMIT/2019.1/Advanced Digital Design/Final_Project/add_final_project/project_files/i2c_master/i2c_controller.v Line: 10
    Warning (13410): Pin "states[7]" is stuck at GND File: /home/peter/Documents/RMIT/2019.1/Advanced Digital Design/Final_Project/add_final_project/project_files/i2c_master/i2c_controller.v Line: 10
Info (286030): Timing-Driven Synthesis is running
Info (16010): Generating hard_block partition "hard_block:auto_generated_inst"
    Info (16011): Adding 0 node(s), including 0 DDIO, 0 PLL, 0 transceiver and 0 LCELL
Info (21057): Implemented 93 device resources after synthesis - the final resource count might be different
    Info (21058): Implemented 27 input pins
    Info (21059): Implemented 11 output pins
    Info (21060): Implemented 1 bidirectional pins
    Info (21061): Implemented 54 logic cells
Info: Quartus Prime Analysis & Synthesis was successful. 0 errors, 27 warnings
    Info: Peak virtual memory: 1064 megabytes
    Info: Processing ended: Thu May 30 10:43:19 2019
    Info: Elapsed time: 00:00:14
    Info: Total CPU time (on all processors): 00:00:35


