Flow report for rom_hdmi
Tue May 28 15:18:57 2019
Quartus Prime Version 18.1.0 Build 625 09/12/2018 SJ Lite Edition


---------------------
; Table of Contents ;
---------------------
  1. Legal Notice
  2. Flow Summary
  3. Flow Settings
  4. Flow Non-Default Global Settings
  5. Flow Elapsed Time
  6. Flow OS Summary
  7. Flow Log
  8. Flow Messages
  9. Flow Suppressed Messages



----------------
; Legal Notice ;
----------------
Copyright (C) 2018  Intel Corporation. All rights reserved.
Your use of Intel Corporation's design tools, logic functions 
and other software and tools, and its AMPP partner logic 
functions, and any output files from any of the foregoing 
(including device programming or simulation files), and any 
associated documentation or information are expressly subject 
to the terms and conditions of the Intel Program License 
Subscription Agreement, the Intel Quartus Prime License Agreement,
the Intel FPGA IP License Agreement, or other applicable license
agreement, including, without limitation, that your use is for
the sole purpose of programming logic devices manufactured by
Intel and sold by Intel or its authorized distributors.  Please
refer to the applicable agreement for further details.



+-------------------------------------------------------------------------------+
; Flow Summary                                                                  ;
+---------------------------------+---------------------------------------------+
; Flow Status                     ; Successful - Tue May 28 15:18:57 2019       ;
; Quartus Prime Version           ; 18.1.0 Build 625 09/12/2018 SJ Lite Edition ;
; Revision Name                   ; rom_hdmi                                    ;
; Top-level Entity Name           ; rom_hdmi                                    ;
; Family                          ; Cyclone V                                   ;
; Device                          ; 5CSEBA6U23I7DK                              ;
; Timing Models                   ; Final                                       ;
; Logic utilization (in ALMs)     ; N/A                                         ;
; Total registers                 ; 0                                           ;
; Total pins                      ; 16                                          ;
; Total virtual pins              ; 0                                           ;
; Total block memory bits         ; 600                                         ;
; Total DSP Blocks                ; 0                                           ;
; Total HSSI RX PCSs              ; 0                                           ;
; Total HSSI PMA RX Deserializers ; 0                                           ;
; Total HSSI TX PCSs              ; 0                                           ;
; Total HSSI PMA TX Serializers   ; 0                                           ;
; Total PLLs                      ; 0                                           ;
; Total DLLs                      ; 0                                           ;
+---------------------------------+---------------------------------------------+


+-----------------------------------------+
; Flow Settings                           ;
+-------------------+---------------------+
; Option            ; Setting             ;
+-------------------+---------------------+
; Start date & time ; 05/22/2019 15:49:06 ;
; Main task         ; Compilation         ;
; Revision Name     ; rom_hdmi            ;
+-------------------+---------------------+


+-----------------------------------------------------------------------------------------------------------------------------+
; Flow Non-Default Global Settings                                                                                            ;
+-------------------------------------+----------------------------------------+---------------+-------------+----------------+
; Assignment Name                     ; Value                                  ; Default Value ; Entity Name ; Section Id     ;
+-------------------------------------+----------------------------------------+---------------+-------------+----------------+
; COMPILER_SIGNATURE_ID               ; 154027288098227.155850414631870        ; --            ; --          ; --             ;
; EDA_OUTPUT_DATA_FORMAT              ; Verilog Hdl                            ; --            ; --          ; eda_simulation ;
; EDA_SIMULATION_TOOL                 ; ModelSim-Altera (Verilog)              ; <None>        ; --          ; --             ;
; EDA_TIME_SCALE                      ; 1 ps                                   ; --            ; --          ; eda_simulation ;
; MAX_CORE_JUNCTION_TEMP              ; 100                                    ; --            ; --          ; --             ;
; MIN_CORE_JUNCTION_TEMP              ; -40                                    ; --            ; --          ; --             ;
; MISC_FILE                           ; rom_hdmi_bb.v                          ; --            ; --          ; --             ;
; MISC_FILE                           ; rom_hdmi_syn.v                         ; --            ; --          ; --             ;
; PARTITION_COLOR                     ; -- (Not supported for targeted family) ; --            ; --          ; Top            ;
; PARTITION_FITTER_PRESERVATION_LEVEL ; -- (Not supported for targeted family) ; --            ; --          ; Top            ;
; PARTITION_NETLIST_TYPE              ; -- (Not supported for targeted family) ; --            ; --          ; Top            ;
; PROJECT_OUTPUT_DIRECTORY            ; output_files                           ; --            ; --          ; --             ;
+-------------------------------------+----------------------------------------+---------------+-------------+----------------+


+--------------------------------------------------------------------------------------------------------------------------+
; Flow Elapsed Time                                                                                                        ;
+----------------------+--------------+-------------------------+---------------------+------------------------------------+
; Module Name          ; Elapsed Time ; Average Processors Used ; Peak Virtual Memory ; Total CPU Time (on all processors) ;
+----------------------+--------------+-------------------------+---------------------+------------------------------------+
; Analysis & Synthesis ; 00:00:17     ; 1.0                     ; 994 MB              ; 00:00:43                           ;
; EDA Netlist Writer   ; 00:00:01     ; 1.0                     ; 1119 MB             ; 00:00:01                           ;
; EDA Netlist Writer   ; 00:00:01     ; 1.0                     ; 1120 MB             ; 00:00:01                           ;
; EDA Netlist Writer   ; 00:00:00     ; 1.0                     ; 1124 MB             ; 00:00:01                           ;
; EDA Netlist Writer   ; 00:00:01     ; 1.0                     ; 1119 MB             ; 00:00:01                           ;
; EDA Netlist Writer   ; 00:00:02     ; 1.0                     ; 1123 MB             ; 00:00:01                           ;
; EDA Netlist Writer   ; 00:00:00     ; 1.0                     ; 1120 MB             ; 00:00:00                           ;
; EDA Netlist Writer   ; 00:00:01     ; 1.0                     ; 1124 MB             ; 00:00:01                           ;
; EDA Netlist Writer   ; 00:00:01     ; 1.0                     ; 1119 MB             ; 00:00:01                           ;
; EDA Netlist Writer   ; 00:00:01     ; 1.0                     ; 1122 MB             ; 00:00:01                           ;
; EDA Netlist Writer   ; 00:00:01     ; 1.0                     ; 1120 MB             ; 00:00:01                           ;
; EDA Netlist Writer   ; 00:00:02     ; 1.0                     ; 1124 MB             ; 00:00:01                           ;
; EDA Netlist Writer   ; 00:00:01     ; 1.0                     ; 1120 MB             ; 00:00:01                           ;
; EDA Netlist Writer   ; 00:00:01     ; 1.0                     ; 1122 MB             ; 00:00:01                           ;
; EDA Netlist Writer   ; 00:00:01     ; 1.0                     ; 1120 MB             ; 00:00:01                           ;
; EDA Netlist Writer   ; 00:00:01     ; 1.0                     ; 1124 MB             ; 00:00:01                           ;
; Total                ; 00:00:32     ; --                      ; --                  ; 00:00:57                           ;
+----------------------+--------------+-------------------------+---------------------+------------------------------------+


+----------------------------------------------------------------------------------------+
; Flow OS Summary                                                                        ;
+----------------------+------------------+----------------+------------+----------------+
; Module Name          ; Machine Hostname ; OS Name        ; OS Version ; Processor type ;
+----------------------+------------------+----------------+------------+----------------+
; Analysis & Synthesis ; melchior         ; Ubuntu 18.04.2 ; 18         ; x86_64         ;
; EDA Netlist Writer   ; melchior         ; Ubuntu 18.04.2 ; 18         ; x86_64         ;
; EDA Netlist Writer   ; melchior         ; Ubuntu 18.04.2 ; 18         ; x86_64         ;
; EDA Netlist Writer   ; melchior         ; Ubuntu 18.04.2 ; 18         ; x86_64         ;
; EDA Netlist Writer   ; melchior         ; Ubuntu 18.04.2 ; 18         ; x86_64         ;
; EDA Netlist Writer   ; melchior         ; Ubuntu 18.04.2 ; 18         ; x86_64         ;
; EDA Netlist Writer   ; melchior         ; Ubuntu 18.04.2 ; 18         ; x86_64         ;
; EDA Netlist Writer   ; melchior         ; Ubuntu 18.04.2 ; 18         ; x86_64         ;
; EDA Netlist Writer   ; melchior         ; Ubuntu 18.04.2 ; 18         ; x86_64         ;
; EDA Netlist Writer   ; melchior         ; Ubuntu 18.04.2 ; 18         ; x86_64         ;
; EDA Netlist Writer   ; melchior         ; Ubuntu 18.04.2 ; 18         ; x86_64         ;
; EDA Netlist Writer   ; melchior         ; Ubuntu 18.04.2 ; 18         ; x86_64         ;
; EDA Netlist Writer   ; melchior         ; Ubuntu 18.04.2 ; 18         ; x86_64         ;
; EDA Netlist Writer   ; melchior         ; Ubuntu 18.04.2 ; 18         ; x86_64         ;
; EDA Netlist Writer   ; melchior         ; Ubuntu 18.04.2 ; 18         ; x86_64         ;
; EDA Netlist Writer   ; melchior         ; Ubuntu 18.04.2 ; 18         ; x86_64         ;
+----------------------+------------------+----------------+------------+----------------+


------------
; Flow Log ;
------------
quartus_map --read_settings_files=on --write_settings_files=off rom_hdmi -c rom_hdmi
quartus_eda --gen_testbench --tool=modelsim_oem --format=verilog --write_settings_files=off rom_hdmi -c rom_hdmi --vector_source="/home/peter/Documents/RMIT/2019.1/Advanced Digital Design/Final_Project/add_final_project/project_files/rom_hdmi/Waveform.vwf" --testbench_file="/home/peter/Documents/RMIT/2019.1/Advanced Digital Design/Final_Project/add_final_project/project_files/rom_hdmi/simulation/qsim/Waveform.vwf.vt"
quartus_eda --gen_testbench --tool=modelsim_oem --format=verilog --write_settings_files=off rom_hdmi -c rom_hdmi --vector_source="/home/peter/Documents/RMIT/2019.1/Advanced Digital Design/Final_Project/add_final_project/project_files/rom_hdmi/simulation/rom_check.vwf" --testbench_file="/home/peter/Documents/RMIT/2019.1/Advanced Digital Design/Final_Project/add_final_project/project_files/rom_hdmi/simulation/qsim/rom_check.vwf.vt"
quartus_eda --write_settings_files=off --simulation=on --functional=on --flatten_buses=off --tool=modelsim_oem --format=verilog --output_directory="/home/peter/Documents/RMIT/2019.1/Advanced Digital Design/Final_Project/add_final_project/project_files/rom_hdmi/simulation/qsim/" rom_hdmi -c rom_hdmi
quartus_eda --gen_testbench --tool=modelsim_oem --format=verilog --write_settings_files=off rom_hdmi -c rom_hdmi --vector_source="/home/peter/Documents/RMIT/2019.1/Advanced Digital Design/Final_Project/add_final_project/project_files/rom_hdmi/simulation/rom_check.vwf" --testbench_file="/home/peter/Documents/RMIT/2019.1/Advanced Digital Design/Final_Project/add_final_project/project_files/rom_hdmi/simulation/qsim/rom_check.vwf.vt"
quartus_eda --write_settings_files=off --simulation=on --functional=on --flatten_buses=off --tool=modelsim_oem --format=verilog --output_directory="/home/peter/Documents/RMIT/2019.1/Advanced Digital Design/Final_Project/add_final_project/project_files/rom_hdmi/simulation/qsim/" rom_hdmi -c rom_hdmi
quartus_eda --gen_testbench --tool=modelsim_oem --format=verilog --write_settings_files=off rom_hdmi -c rom_hdmi --vector_source="/home/peter/Documents/RMIT/2019.1/Advanced Digital Design/Final_Project/add_final_project/project_files/rom_hdmi/simulation/rom_check.vwf" --testbench_file="/home/peter/Documents/RMIT/2019.1/Advanced Digital Design/Final_Project/add_final_project/project_files/rom_hdmi/simulation/qsim/rom_check.vwf.vt"
quartus_eda --write_settings_files=off --simulation=on --functional=on --flatten_buses=off --tool=modelsim_oem --format=verilog --output_directory="/home/peter/Documents/RMIT/2019.1/Advanced Digital Design/Final_Project/add_final_project/project_files/rom_hdmi/simulation/qsim/" rom_hdmi -c rom_hdmi
quartus_eda --gen_testbench --tool=modelsim_oem --format=verilog --write_settings_files=off rom_hdmi -c rom_hdmi --vector_source="/home/peter/Documents/RMIT/2019.1/Advanced Digital Design/Final_Project/add_final_project/project_files/rom_hdmi/simulation/rom_check.vwf" --testbench_file="/home/peter/Documents/RMIT/2019.1/Advanced Digital Design/Final_Project/add_final_project/project_files/rom_hdmi/simulation/qsim/rom_check.vwf.vt"
quartus_eda --write_settings_files=off --simulation=on --functional=on --flatten_buses=off --tool=modelsim_oem --format=verilog --output_directory="/home/peter/Documents/RMIT/2019.1/Advanced Digital Design/Final_Project/add_final_project/project_files/rom_hdmi/simulation/qsim/" rom_hdmi -c rom_hdmi
quartus_eda --gen_testbench --tool=modelsim_oem --format=verilog --write_settings_files=off rom_hdmi -c rom_hdmi --vector_source="/home/peter/Documents/RMIT/2019.1/Advanced Digital Design/Final_Project/add_final_project/project_files/rom_hdmi/simulation/rom_check.vwf" --testbench_file="/home/peter/Documents/RMIT/2019.1/Advanced Digital Design/Final_Project/add_final_project/project_files/rom_hdmi/simulation/qsim/rom_check.vwf.vt"
quartus_eda --write_settings_files=off --simulation=on --functional=on --flatten_buses=off --tool=modelsim_oem --format=verilog --output_directory="/home/peter/Documents/RMIT/2019.1/Advanced Digital Design/Final_Project/add_final_project/project_files/rom_hdmi/simulation/qsim/" rom_hdmi -c rom_hdmi
quartus_eda --gen_testbench --tool=modelsim_oem --format=verilog --write_settings_files=off rom_hdmi -c rom_hdmi --vector_source="/home/peter/Documents/RMIT/2019.1/Advanced Digital Design/Final_Project/add_final_project/project_files/rom_hdmi/simulation/rom_check.vwf" --testbench_file="/home/peter/Documents/RMIT/2019.1/Advanced Digital Design/Final_Project/add_final_project/project_files/rom_hdmi/simulation/qsim/rom_check.vwf.vt"
quartus_eda --write_settings_files=off --simulation=on --functional=on --flatten_buses=off --tool=modelsim_oem --format=verilog --output_directory="/home/peter/Documents/RMIT/2019.1/Advanced Digital Design/Final_Project/add_final_project/project_files/rom_hdmi/simulation/qsim/" rom_hdmi -c rom_hdmi
quartus_eda --gen_testbench --tool=modelsim_oem --format=verilog --write_settings_files=off rom_hdmi -c rom_hdmi --vector_source="/home/peter/Documents/RMIT/2019.1/Advanced Digital Design/Final_Project/add_final_project/project_files/rom_hdmi/simulation/rom_check.vwf" --testbench_file="/home/peter/Documents/RMIT/2019.1/Advanced Digital Design/Final_Project/add_final_project/project_files/rom_hdmi/simulation/qsim/rom_check.vwf.vt"
quartus_eda --write_settings_files=off --simulation=on --functional=on --flatten_buses=off --tool=modelsim_oem --format=verilog --output_directory="/home/peter/Documents/RMIT/2019.1/Advanced Digital Design/Final_Project/add_final_project/project_files/rom_hdmi/simulation/qsim/" rom_hdmi -c rom_hdmi



